Determining if the pthread_create exist failed with the following output:
Change Dir: /home/h3lgi/buffer/BLE_library-1b603854c8f301fe27542a96e84e49998efcf69d/build/CMakeFiles/CMakeTmp

Run Build Command:"/usr/bin/gmake" "cmTC_5ef77/fast"
/usr/bin/gmake -f CMakeFiles/cmTC_5ef77.dir/build.make CMakeFiles/cmTC_5ef77.dir/build
gmake[1]: Entering directory '/home/h3lgi/buffer/BLE_library-1b603854c8f301fe27542a96e84e49998efcf69d/build/CMakeFiles/CMakeTmp'
Building C object CMakeFiles/cmTC_5ef77.dir/CheckSymbolExists.c.o
/usr/bin/cc     -o CMakeFiles/cmTC_5ef77.dir/CheckSymbolExists.c.o   -c /home/h3lgi/buffer/BLE_library-1b603854c8f301fe27542a96e84e49998efcf69d/build/CMakeFiles/CMakeTmp/CheckSymbolExists.c
Linking C executable cmTC_5ef77
/usr/bin/cmake -E cmake_link_script CMakeFiles/cmTC_5ef77.dir/link.txt --verbose=1
/usr/bin/cc       CMakeFiles/cmTC_5ef77.dir/CheckSymbolExists.c.o  -o cmTC_5ef77 -rdynamic 
/usr/lib64/gcc/x86_64-suse-linux/4.8/../../../../x86_64-suse-linux/bin/ld: CMakeFiles/cmTC_5ef77.dir/CheckSymbolExists.c.o: in function `main':
CheckSymbolExists.c:(.text+0x16): undefined reference to `pthread_create'
collect2: error: ld returned 1 exit status
CMakeFiles/cmTC_5ef77.dir/build.make:97: recipe for target 'cmTC_5ef77' failed
gmake[1]: *** [cmTC_5ef77] Error 1
gmake[1]: Leaving directory '/home/h3lgi/buffer/BLE_library-1b603854c8f301fe27542a96e84e49998efcf69d/build/CMakeFiles/CMakeTmp'
Makefile:126: recipe for target 'cmTC_5ef77/fast' failed
gmake: *** [cmTC_5ef77/fast] Error 2

File /home/h3lgi/buffer/BLE_library-1b603854c8f301fe27542a96e84e49998efcf69d/build/CMakeFiles/CMakeTmp/CheckSymbolExists.c:
/* */
#include <pthread.h>

int main(int argc, char** argv)
{
  (void)argv;
#ifndef pthread_create
  return ((int*)(&pthread_create))[argc];
#else
  (void)argc;
  return 0;
#endif
}

Determining if the function pthread_create exists in the pthreads failed with the following output:
Change Dir: /home/h3lgi/buffer/BLE_library-1b603854c8f301fe27542a96e84e49998efcf69d/build/CMakeFiles/CMakeTmp

Run Build Command:"/usr/bin/gmake" "cmTC_2b663/fast"
/usr/bin/gmake -f CMakeFiles/cmTC_2b663.dir/build.make CMakeFiles/cmTC_2b663.dir/build
gmake[1]: Entering directory '/home/h3lgi/buffer/BLE_library-1b603854c8f301fe27542a96e84e49998efcf69d/build/CMakeFiles/CMakeTmp'
Building C object CMakeFiles/cmTC_2b663.dir/CheckFunctionExists.c.o
/usr/bin/cc    -DCHECK_FUNCTION_EXISTS=pthread_create   -o CMakeFiles/cmTC_2b663.dir/CheckFunctionExists.c.o   -c /usr/share/cmake/Modules/CheckFunctionExists.c
Linking C executable cmTC_2b663
/usr/bin/cmake -E cmake_link_script CMakeFiles/cmTC_2b663.dir/link.txt --verbose=1
/usr/bin/cc   -DCHECK_FUNCTION_EXISTS=pthread_create    CMakeFiles/cmTC_2b663.dir/CheckFunctionExists.c.o  -o cmTC_2b663 -rdynamic -lpthreads 
/usr/lib64/gcc/x86_64-suse-linux/4.8/../../../../x86_64-suse-linux/bin/ld: cannot find -lpthreads
collect2: error: ld returned 1 exit status
CMakeFiles/cmTC_2b663.dir/build.make:97: recipe for target 'cmTC_2b663' failed
gmake[1]: *** [cmTC_2b663] Error 1
gmake[1]: Leaving directory '/home/h3lgi/buffer/BLE_library-1b603854c8f301fe27542a96e84e49998efcf69d/build/CMakeFiles/CMakeTmp'
Makefile:126: recipe for target 'cmTC_2b663/fast' failed
gmake: *** [cmTC_2b663/fast] Error 2


